<?xml version="1.0" encoding="UTF-8"?>
<testsuite xmlns:xsi="http://www.w3.org/2001/XMLSchema-instance" xsi:noNamespaceSchemaLocation="https://maven.apache.org/surefire/maven-surefire-plugin/xsd/surefire-test-report.xsd" name="com.ningmeng.manage_course.dao.TestDao" time="24.821" tests="2" errors="0" skipped="0" failures="0">
  <properties>
[...]
</properties>
  <testcase name="testCourseMapper" classname="com.ningmeng.manage_course.dao.TestDao" time="0.17"/>
  <testcase name="testCourseBaseRepository" classname="com.ningmeng.manage_course.dao.TestDao" time="0.087"/>
</testsuite>